2019.04.21 11:18:47,718	INFO	1	com.l2jmobius.commons.util.IXmlReader	Network Config: ipconfig.xml doesn't exists using automatic configuration...
2019.04.21 11:18:48,671	INFO	1	com.l2jmobius.commons.util.IXmlReader	Network Config: Adding new subnet: 127.0.0.0/8 address: 127.0.0.1
2019.04.21 11:18:48,839	INFO	1	com.l2jmobius.commons.util.IXmlReader	Network Config: Adding new subnet: 192.168.0.0/24 address: 192.168.0.109
2019.04.21 11:18:48,883	INFO	1	com.l2jmobius.commons.util.IXmlReader	Network Config: Adding new subnet: 0.0.0.0/0 address: 177.16.88.242
2019.04.21 11:18:49,126	INFO	1	com.l2jmobius.Config	Loaded 6 Filter Words.
2019.04.21 11:18:49,203	INFO	1	com.l2jmobius.gameserver.GameServer	------------------------------------------------=[ Database ]
2019.04.21 11:18:49,567	INFO	1	com.l2jmobius.commons.database.DatabaseFactory	Database: Initialized.
2019.04.21 11:18:49,568	INFO	1	com.l2jmobius.gameserver.GameServer	----------------------------------------------=[ ThreadPool ]
2019.04.21 11:18:49,578	INFO	1	com.l2jmobius.commons.concurrent.ThreadPool	ThreadPool: Initialized
2019.04.21 11:18:49,613	INFO	1	com.l2jmobius.commons.concurrent.ThreadPool	...4 scheduled pool executors with 16 total threads.
2019.04.21 11:18:49,614	INFO	1	com.l2jmobius.commons.concurrent.ThreadPool	...4 instant pool executors with 8 total threads.
2019.04.21 11:18:49,614	INFO	1	com.l2jmobius.gameserver.GameServer	-----------------------------------------------=[ IdFactory ]
2019.04.21 11:18:49,624	INFO	1	com.l2jmobius.gameserver.idfactory.BitSetIDFactory	Updated characters online status.
2019.04.21 11:18:49,723	INFO	1	com.l2jmobius.gameserver.idfactory.BitSetIDFactory	Cleaned 0 elements from database in 0 s
2019.04.21 11:18:49,736	INFO	1	com.l2jmobius.gameserver.idfactory.BitSetIDFactory	Cleaned 0 expired timestamps from database.
2019.04.21 11:18:49,769	INFO	1	com.l2jmobius.gameserver.idfactory.BitSetIDFactory	BitSetIDFactory: 102912 id's available.
2019.04.21 11:18:49,770	INFO	1	com.l2jmobius.gameserver.GameServer	----------------------------------------=[ Scripting Engine ]
2019.04.21 11:18:49,894	INFO	1	com.l2jmobius.gameserver.scripting.ScriptEngineManager	ScriptEngine: Java Engine 10 (Java [3, 4, 5, 6, 7, 8, 9, 10])
2019.04.21 11:18:51,096	INFO	1	com.l2jmobius.gameserver.scripting.ScriptEngineManager	Loaded 5 files to exclude.
2019.04.21 11:18:51,097	INFO	1	com.l2jmobius.gameserver.GameServer	--------------------------------------------------=[ Telnet ]
2019.04.21 11:18:51,620	INFO	1	com.l2jmobius.gameserver.network.telnet.TelnetServer	Telnet server is currently disabled.
2019.04.21 11:18:51,620	INFO	1	com.l2jmobius.gameserver.GameServer	---------------------------------------------------=[ World ]
2019.04.21 11:18:51,666	INFO	42	com.l2jmobius.gameserver.GameTimeController	GameTimeController: Started.
2019.04.21 11:18:51,693	INFO	1	com.l2jmobius.commons.util.IXmlReader	InstanceManager: Multiverse Instance created.
2019.04.21 11:18:51,694	INFO	1	com.l2jmobius.commons.util.IXmlReader	InstanceManager: Universe Instance created.
2019.04.21 11:18:51,753	INFO	1	com.l2jmobius.commons.util.IXmlReader	InstanceManager: Loaded 160 instance names.
2019.04.21 11:18:54,101	INFO	1	com.l2jmobius.commons.util.IXmlReader	InstanceManager: Loaded 126 instance templates.
2019.04.21 11:18:54,364	INFO	1	com.l2jmobius.gameserver.model.L2World	L2World: (256 by 272) World Region Grid set up.
2019.04.21 11:18:54,758	INFO	1	com.l2jmobius.commons.util.IXmlReader	MapRegionManager: Loaded 57 map regions.
2019.04.21 11:18:54,779	INFO	1	com.l2jmobius.gameserver.instancemanager.GlobalVariablesManager	GlobalVariablesManager: Loaded 11 variables.
2019.04.21 11:18:54,779	INFO	1	com.l2jmobius.gameserver.GameServer	----------------------------------------------------=[ Data ]
2019.04.21 11:18:54,850	INFO	1	com.l2jmobius.gameserver.data.xml.impl.CategoryData	CategoryData: Loaded 180 Categories.
2019.04.21 11:18:54,861	INFO	1	com.l2jmobius.commons.util.IXmlReader	SecondaryAuthData: Loaded 328 forbidden passwords.
2019.04.21 11:18:54,861	INFO	1	com.l2jmobius.gameserver.GameServer	--------------------------------------------------=[ Skills ]
2019.04.21 11:18:57,627	INFO	1	handlers.EffectMasterHandler	EffectMasterHandler: Loaded 160 effect handlers.
2019.04.21 11:18:57,739	INFO	1	com.l2jmobius.commons.util.IXmlReader	EnchantSkillGroupsData: Loaded 4 groups and 90 routes.
2019.04.21 11:18:59,728	INFO	1	com.l2jmobius.commons.util.IXmlReader	SkillTreesData: Loaded 17176 Class Skills for 103 Class Skill Trees.
2019.04.21 11:18:59,730	INFO	1	com.l2jmobius.commons.util.IXmlReader	SkillTreesData: Loaded 76 Sub-Class Skills.
2019.04.21 11:18:59,731	INFO	1	com.l2jmobius.commons.util.IXmlReader	SkillTreesData: Loaded 77 Transfer Skills for 3 Transfer Skill Trees.
2019.04.21 11:18:59,731	INFO	1	com.l2jmobius.commons.util.IXmlReader	SkillTreesData: Loaded 117 Fishing Skills, 8 Dwarven only Fishing Skills.
2019.04.21 11:18:59,732	INFO	1	com.l2jmobius.commons.util.IXmlReader	SkillTreesData: Loaded 3 Collect Skills.
2019.04.21 11:18:59,763	INFO	1	com.l2jmobius.commons.util.IXmlReader	SkillTreesData: Loaded 74 Pledge Skills, 44 for Pledge and 30 Residential.
2019.04.21 11:18:59,764	INFO	1	com.l2jmobius.commons.util.IXmlReader	SkillTreesData: Loaded 18 Sub-Pledge Skills.
2019.04.21 11:18:59,764	INFO	1	com.l2jmobius.commons.util.IXmlReader	SkillTreesData: Loaded 32 Transform Skills.
2019.04.21 11:18:59,764	INFO	1	com.l2jmobius.commons.util.IXmlReader	SkillTreesData: Loaded 8 Noble Skills.
2019.04.21 11:18:59,771	INFO	1	com.l2jmobius.commons.util.IXmlReader	SkillTreesData: Loaded 5 Hero Skills.
2019.04.21 11:18:59,772	INFO	1	com.l2jmobius.commons.util.IXmlReader	SkillTreesData: Loaded 46 Game Master Skills.
2019.04.21 11:18:59,772	INFO	1	com.l2jmobius.commons.util.IXmlReader	SkillTreesData: Loaded 46 Game Master Aura Skills.
2019.04.21 11:19:13,347	INFO	1	com.l2jmobius.gameserver.engines.DocumentEngine	DocumentEngine: Loaded 65961 Skill templates from XML files.
2019.04.21 11:19:13,600	INFO	1	com.l2jmobius.gameserver.data.xml.impl.PetSkillData	PetSkillData: Loaded 881 skills.
2019.04.21 11:19:13,600	INFO	1	com.l2jmobius.gameserver.GameServer	---------------------------------------------------=[ Items ]
2019.04.21 11:19:17,570	INFO	1	com.l2jmobius.gameserver.datatables.ItemTable	ItemTable: Highest item id used: 22567
2019.04.21 11:19:17,581	INFO	1	com.l2jmobius.gameserver.datatables.ItemTable	ItemTable: Loaded: 11481 Etc Items
2019.04.21 11:19:17,582	INFO	1	com.l2jmobius.gameserver.datatables.ItemTable	ItemTable: Loaded: 3825 Armor Items
2019.04.21 11:19:17,583	INFO	1	com.l2jmobius.gameserver.datatables.ItemTable	ItemTable: Loaded: 3893 Weapon Items
2019.04.21 11:19:17,583	INFO	1	com.l2jmobius.gameserver.datatables.ItemTable	ItemTable: Loaded: 19199 Items in total.
2019.04.21 11:19:17,634	INFO	1	com.l2jmobius.commons.util.IXmlReader	EnchantItemGroupsData: Loaded: 4 item group templates.
2019.04.21 11:19:17,634	INFO	1	com.l2jmobius.commons.util.IXmlReader	EnchantItemGroupsData: Loaded: 1 scroll group templates.
2019.04.21 11:19:17,663	INFO	1	com.l2jmobius.commons.util.IXmlReader	EnchantItemData: Loaded 63 Enchant Scrolls.
2019.04.21 11:19:17,663	INFO	1	com.l2jmobius.commons.util.IXmlReader	EnchantItemData: Loaded 20 Support Items.
2019.04.21 11:19:17,699	INFO	1	com.l2jmobius.commons.util.IXmlReader	EnchantItemOptionsData: Loaded: 23 Items and 1093 Options.
2019.04.21 11:19:20,697	INFO	1	com.l2jmobius.commons.util.IXmlReader	OptionData: Loaded: 24985 Options.
2019.04.21 11:19:20,735	INFO	1	com.l2jmobius.commons.util.IXmlReader	EnchantItemHPBonusData: Loaded 6 Enchant HP Bonuses.
2019.04.21 11:19:20,752	INFO	1	com.l2jmobius.gameserver.datatables.MerchantPriceConfigTable	MerchantPriceConfigTable: Loaded 28 merchant price configs.
2019.04.21 11:19:23,816	WARNING	1	com.l2jmobius.commons.util.IXmlReader	Folder C:\Users\Daniel\Downloads\L2J_Mobius_CT_2.6_HighFive\dist\game\data\buylists\custom doesn't exist!
2019.04.21 11:19:23,817	INFO	1	com.l2jmobius.gameserver.data.xml.impl.BuyListData	BuyListData: Loaded 760 BuyLists.
2019.04.21 11:19:24,875	WARNING	1	com.l2jmobius.commons.util.IXmlReader	Folder C:\Users\Daniel\Downloads\L2J_Mobius_CT_2.6_HighFive\dist\game\data\multisell\custom doesn't exist!
2019.04.21 11:19:24,892	INFO	1	com.l2jmobius.commons.util.IXmlReader	MultisellData: Loaded 192 multisell lists.
2019.04.21 11:19:24,954	INFO	1	com.l2jmobius.commons.util.IXmlReader	RecipeData: Loaded 1000 recipes.
2019.04.21 11:19:25,057	INFO	1	com.l2jmobius.commons.util.IXmlReader	ArmorSetsData: Loaded 198 Armor sets.
2019.04.21 11:19:25,079	INFO	1	com.l2jmobius.commons.util.IXmlReader	FishData: Loaded 278 Fishes.
2019.04.21 11:19:25,084	INFO	1	com.l2jmobius.commons.util.IXmlReader	FishingMonstersData: Loaded 8 Fishing Monsters.
2019.04.21 11:19:25,091	INFO	1	com.l2jmobius.commons.util.IXmlReader	FishingRodsData: Loaded 6 Fishing Rods.
2019.04.21 11:19:25,148	INFO	1	com.l2jmobius.commons.util.IXmlReader	HennaData: Loaded 180 Henna data.
2019.04.21 11:19:25,150	INFO	1	com.l2jmobius.gameserver.GameServer	----------------------------------------------=[ Characters ]
2019.04.21 11:19:25,155	INFO	1	com.l2jmobius.commons.util.IXmlReader	ClassListData: Loaded 107 Class data.
2019.04.21 11:19:25,160	INFO	1	com.l2jmobius.commons.util.IXmlReader	InitialEquipmentData: Loaded 11 Initial Equipment data.
2019.04.21 11:19:25,167	INFO	1	com.l2jmobius.commons.util.IXmlReader	InitialShortcutData: Loaded 5 Initial Global Shortcuts data.
2019.04.21 11:19:25,167	INFO	1	com.l2jmobius.commons.util.IXmlReader	InitialShortcutData: Loaded 4 Initial Shortcuts data.
2019.04.21 11:19:25,167	INFO	1	com.l2jmobius.commons.util.IXmlReader	InitialShortcutData: Loaded 0 Macros presets.
2019.04.21 11:19:25,172	INFO	1	com.l2jmobius.commons.util.IXmlReader	ExperienceData: Loaded 87 levels.
2019.04.21 11:19:25,172	INFO	1	com.l2jmobius.commons.util.IXmlReader	ExperienceData: Max Player Level is: 85
2019.04.21 11:19:25,172	INFO	1	com.l2jmobius.commons.util.IXmlReader	ExperienceData: Max Pet Level is: 86
2019.04.21 11:19:25,183	INFO	1	com.l2jmobius.commons.util.IXmlReader	KarmaData: Loaded 85 karma modifiers.
2019.04.21 11:19:25,188	INFO	1	com.l2jmobius.commons.util.IXmlReader	HitConditionBonusData: Loaded Hit Condition bonuses.
2019.04.21 11:19:26,138	INFO	1	com.l2jmobius.gameserver.data.xml.impl.PlayerTemplateData	PlayerTemplateData: Loaded 103 character templates.
2019.04.21 11:19:26,144	INFO	1	com.l2jmobius.gameserver.data.xml.impl.PlayerTemplateData	PlayerTemplateData: Loaded 52530 level up gain records.
2019.04.21 11:19:26,156	INFO	1	com.l2jmobius.gameserver.data.sql.impl.CharNameTable	CharNameTable: Loaded 2 char names.
2019.04.21 11:19:26,181	INFO	1	com.l2jmobius.commons.util.IXmlReader	AdminData: Loaded: 10 Access Levels.
2019.04.21 11:19:26,189	INFO	1	com.l2jmobius.commons.util.IXmlReader	AdminData: Loaded: 470 Access Commands.
2019.04.21 11:19:26,193	INFO	1	com.l2jmobius.gameserver.instancemanager.RaidBossPointsManager	RaidBossPointsManager: Loaded 0 Characters Raid Points.
2019.04.21 11:19:27,184	INFO	1	com.l2jmobius.commons.util.IXmlReader	PetDataTable: Loaded 49 Pets.
2019.04.21 11:19:27,201	INFO	1	com.l2jmobius.gameserver.GameServer	---------------------------------------------------=[ Clans ]
2019.04.21 11:19:27,219	INFO	1	com.l2jmobius.gameserver.communitybbs.Manager.ForumsBBSManager	ForumsBBSManager: Loaded 4 forums. Last forum id used: 4
2019.04.21 11:19:27,221	INFO	1	com.l2jmobius.gameserver.data.sql.impl.ClanTable	ClanTable: Restored 0 clans from the database.
2019.04.21 11:19:27,236	INFO	1	com.l2jmobius.gameserver.instancemanager.CHSiegeManager	CHSiegeManager: Loaded 6 conquerable clan halls.
2019.04.21 11:19:27,294	INFO	1	com.l2jmobius.gameserver.instancemanager.ClanHallAuctionManager	ClanHallAuctionManager: Loaded: 38 auction(s)
2019.04.21 11:19:27,295	INFO	1	com.l2jmobius.gameserver.instancemanager.ClanHallManager	ClanHallManager: Loaded: 0 clan halls
2019.04.21 11:19:27,296	INFO	1	com.l2jmobius.gameserver.instancemanager.ClanHallManager	ClanHallManager: Loaded: 38 free clan halls
2019.04.21 11:19:27,296	INFO	1	com.l2jmobius.gameserver.GameServer	-------------------------------------------------=[ Geodata ]
2019.04.21 11:19:27,300	INFO	1	com.l2jmobius.gameserver.geoengine.GeoEngine	GeoEngine: Initializing...
2019.04.21 11:19:27,751	INFO	1	com.l2jmobius.gameserver.geoengine.GeoEngine	GeoEngine: Loaded 0 geodata files.
2019.04.21 11:19:27,751	INFO	1	com.l2jmobius.gameserver.geoengine.GeoEngine	GeoEngine: Forcing PathFinding setting to false.
2019.04.21 11:19:27,751	INFO	1	com.l2jmobius.gameserver.geoengine.GeoEngine	GeoEngine: Forcing CoordSynchronize setting to -1.
2019.04.21 11:19:28,359	INFO	1	com.l2jmobius.gameserver.geoengine.GeoEngine	GeoEnginePathfinding: Loaded 32 node buffers.
2019.04.21 11:19:28,359	INFO	1	com.l2jmobius.gameserver.GameServer	----------------------------------------------------=[ NPCs ]
2019.04.21 11:19:28,585	INFO	1	com.l2jmobius.gameserver.instancemanager.ZoneManager	ZoneManager 17 by 18 Zone Region Grid set up.
2019.04.21 11:19:40,188	INFO	1	com.l2jmobius.commons.util.IXmlReader	NpcData: Loaded 10461 NPCs.
2019.04.21 11:19:40,241	INFO	1	com.l2jmobius.commons.util.IXmlReader	NpcData: Loaded 13 Custom NPCs.
2019.04.21 11:19:40,293	INFO	1	com.l2jmobius.commons.util.IXmlReader	SkillLearnData: Loaded 256 Skill Learn data.
2019.04.21 11:19:40,317	INFO	1	com.l2jmobius.gameserver.instancemanager.GrandBossManager	GrandBossManager: Gigantic Chaos Golem(25512) status is 0.
2019.04.21 11:19:40,318	INFO	1	com.l2jmobius.gameserver.instancemanager.GrandBossManager	GrandBossManager: Queen Ant(29001) status is 0.
2019.04.21 11:19:40,318	INFO	1	com.l2jmobius.gameserver.instancemanager.GrandBossManager	GrandBossManager: Core(29006) status is 0.
2019.04.21 11:19:40,318	INFO	1	com.l2jmobius.gameserver.instancemanager.GrandBossManager	GrandBossManager: Orfen(29014) status is 0.
2019.04.21 11:19:40,318	INFO	1	com.l2jmobius.gameserver.instancemanager.GrandBossManager	GrandBossManager: Baium(29020) status is 0.
2019.04.21 11:19:40,318	INFO	1	com.l2jmobius.gameserver.instancemanager.GrandBossManager	GrandBossManager: Valakas(29028) status is 0.
2019.04.21 11:19:40,318	INFO	1	com.l2jmobius.gameserver.instancemanager.GrandBossManager	GrandBossManager: Antharas(29068) status is 0.
2019.04.21 11:19:40,318	INFO	1	com.l2jmobius.gameserver.instancemanager.GrandBossManager	GrandBossManager: Beleth(29118) status is 0.
2019.04.21 11:19:40,319	INFO	1	com.l2jmobius.gameserver.instancemanager.GrandBossManager	GrandBossManager: Loaded 8 Instances
2019.04.21 11:19:41,658	INFO	1	com.l2jmobius.gameserver.instancemanager.ZoneManager	ZoneManager: Loaded 29 zone classes and 2848 zones.
2019.04.21 11:19:41,660	INFO	1	com.l2jmobius.gameserver.instancemanager.ZoneManager	ZoneManager: Loaded 731 NPC spawn territoriers.
2019.04.21 11:19:41,681	INFO	1	com.l2jmobius.gameserver.instancemanager.ZoneManager	ZoneManager: Last static id: 200105
2019.04.21 11:19:42,126	INFO	1	com.l2jmobius.commons.util.IXmlReader	DoorData: Loaded 1301 Door Templates for 22 regions.
2019.04.21 11:19:42,135	INFO	1	FenceData	Loaded 1 Fences.
2019.04.21 11:19:42,138	INFO	1	com.l2jmobius.gameserver.data.xml.impl.FakePlayerData	FakePlayerData: Disabled.
2019.04.21 11:19:42,159	INFO	1	com.l2jmobius.gameserver.instancemanager.FakePlayerChatManager	FakePlayerChatManager: Disabled.
2019.04.21 11:19:42,800	INFO	1	com.l2jmobius.commons.util.IXmlReader	WalkingManager: Loaded 123 walking routes.
2019.04.21 11:19:42,863	INFO	1	com.l2jmobius.commons.util.IXmlReader	StaticObjectData: Loaded 51 static object templates.
2019.04.21 11:19:42,917	INFO	1	com.l2jmobius.gameserver.model.itemauction.ItemAuctionInstance	ItemAuctionInstance: Loaded 82 item(s) and registered 2 auction(s) for instance 32320.
2019.04.21 11:19:43,020	INFO	1	com.l2jmobius.gameserver.model.itemauction.ItemAuctionInstance	ItemAuctionInstance: Schedule next auction 4 on 17:00:00 26.04.19 for instance 32320
2019.04.21 11:19:43,022	INFO	1	com.l2jmobius.gameserver.model.itemauction.ItemAuctionInstance	ItemAuctionInstance: Loaded 82 item(s) and registered 1 auction(s) for instance 32321.
2019.04.21 11:19:43,030	INFO	1	com.l2jmobius.gameserver.model.itemauction.ItemAuctionInstance	ItemAuctionInstance: Schedule next auction 2 on 17:00:00 22.04.19 for instance 32321
2019.04.21 11:19:43,048	INFO	1	com.l2jmobius.gameserver.model.itemauction.ItemAuctionInstance	ItemAuctionInstance: Loaded 82 item(s) and registered 1 auction(s) for instance 32322.
2019.04.21 11:19:43,048	INFO	1	com.l2jmobius.gameserver.model.itemauction.ItemAuctionInstance	ItemAuctionInstance: Schedule next auction 3 on 17:00:00 24.04.19 for instance 32322
2019.04.21 11:19:43,049	INFO	1	com.l2jmobius.gameserver.instancemanager.ItemAuctionManager	ItemAuctionManager: Loaded 3 instance(s).
2019.04.21 11:19:43,109	INFO	1	com.l2jmobius.gameserver.instancemanager.CastleManager	CastleManager: Loaded: 9 castles
2019.04.21 11:19:43,128	INFO	1	com.l2jmobius.gameserver.datatables.SchemeBufferTable	SchemeBufferTable: Loaded 0 players schemes and 60 available buffs.
2019.04.21 11:19:43,130	INFO	1	com.l2jmobius.gameserver.instancemanager.GrandBossManager	GrandBossManager: Initialized 12 Grand Boss Zones
2019.04.21 11:19:43,133	INFO	1	com.l2jmobius.gameserver.GameServer	------------------------------------------------=[ Olympiad ]
2019.04.21 11:19:43,155	INFO	1	com.l2jmobius.gameserver.model.olympiad.Olympiad	Olympiad System: Loading....
2019.04.21 11:19:43,155	INFO	1	com.l2jmobius.gameserver.model.olympiad.Olympiad	Olympiad System: Currently in Olympiad Period
2019.04.21 11:19:43,159	INFO	1	com.l2jmobius.gameserver.model.olympiad.Olympiad	Olympiad System: 14440 minutes until period ends
2019.04.21 11:19:43,160	INFO	1	com.l2jmobius.gameserver.model.olympiad.Olympiad	Olympiad System: Next weekly change is in 7341 minutes
2019.04.21 11:19:43,160	INFO	1	com.l2jmobius.gameserver.model.olympiad.Olympiad	Olympiad System: Loaded 0 Nobles
2019.04.21 11:19:43,172	INFO	1	com.l2jmobius.gameserver.model.olympiad.Olympiad	Olympiad System: Competition Period Starts in 0 days, 6 hours and 40 mins.
2019.04.21 11:19:43,184	INFO	1	com.l2jmobius.gameserver.model.olympiad.Olympiad	Olympiad System: Event starts/started: Sun Apr 21 18:00:43 BRT 2019
2019.04.21 11:19:43,208	INFO	1	com.l2jmobius.gameserver.model.entity.Hero	Hero System: Loaded 0 Heroes.
2019.04.21 11:19:43,208	INFO	1	com.l2jmobius.gameserver.model.entity.Hero	Hero System: Loaded 0 all time Heroes.
2019.04.21 11:19:43,208	INFO	1	com.l2jmobius.gameserver.GameServer	---------------------------------------------=[ Seven Signs ]
2019.04.21 11:19:43,214	INFO	1	com.l2jmobius.gameserver.SevenSigns	SevenSigns: Currently in the Competition (Quest Event) period!
2019.04.21 11:19:43,215	INFO	1	com.l2jmobius.gameserver.SevenSigns	SevenSigns: The Seal of Avarice remains unclaimed.
2019.04.21 11:19:43,215	INFO	1	com.l2jmobius.gameserver.SevenSigns	SevenSigns: The Seal of Gnosis remains unclaimed.
2019.04.21 11:19:43,215	INFO	1	com.l2jmobius.gameserver.SevenSigns	SevenSigns: The Seal of Strife remains unclaimed.
2019.04.21 11:19:43,216	INFO	1	com.l2jmobius.gameserver.SevenSigns	SevenSigns: The competition, if the current trend continues, will end in a tie this week.
2019.04.21 11:19:43,216	INFO	1	com.l2jmobius.gameserver.SevenSigns	SevenSigns: Next period change set to Mon Apr 22 18:00:43 BRT 2019
2019.04.21 11:19:43,217	INFO	1	com.l2jmobius.gameserver.SevenSigns	SevenSigns: Next period begins in 1 days, 6 hours and 40 mins.
2019.04.21 11:19:43,218	INFO	1	com.l2jmobius.gameserver.GameServer	---------------------------------------------------=[ Cache ]
2019.04.21 11:19:43,220	INFO	1	com.l2jmobius.gameserver.cache.HtmCache	Html cache start...
2019.04.21 11:19:51,383	INFO	1	com.l2jmobius.gameserver.cache.HtmCache	Cache[HTML]: 9,270 megabytes on 20646 files loaded
2019.04.21 11:19:51,396	INFO	1	com.l2jmobius.gameserver.data.sql.impl.CrestTable	CrestTable: Loaded 0 Crests.
2019.04.21 11:19:51,409	INFO	1	com.l2jmobius.gameserver.data.sql.impl.TeleportLocationTable	TeleportLocationTable: Loaded 957 Teleport Location Templates.
2019.04.21 11:19:51,421	INFO	1	com.l2jmobius.gameserver.data.xml.impl.UIData	UIData: Loaded 4 keys 5 categories.
2019.04.21 11:19:51,593	INFO	1	com.l2jmobius.gameserver.datatables.AugmentationData	AugmentationData: Loaded: 33960 augmentations.
2019.04.21 11:19:51,593	INFO	1	com.l2jmobius.gameserver.datatables.AugmentationData	AugmentationData: Loaded: 2754 accessory augmentations.
2019.04.21 11:19:51,605	INFO	1	com.l2jmobius.gameserver.instancemanager.CursedWeaponsManager	CursedWeaponsManager: Loaded : 2 cursed weapon(s).
2019.04.21 11:19:52,651	INFO	1	com.l2jmobius.commons.util.IXmlReader	TransformData: Loaded: 111 transform templates.
2019.04.21 11:19:52,681	INFO	1	com.l2jmobius.gameserver.datatables.BotReportTable	BotReportTable: Loaded 0 bot reports
2019.04.21 11:19:52,682	INFO	1	com.l2jmobius.gameserver.GameServer	-------------------------------------------------=[ Scripts ]
2019.04.21 11:19:52,692	INFO	1	com.l2jmobius.gameserver.instancemanager.AirShipManager	AirShipManager: Loaded 0 private airships
2019.04.21 11:19:52,694	INFO	1	com.l2jmobius.gameserver.instancemanager.SoDManager	Seed of Destruction Manager: Loaded. Current stage is: 1
2019.04.21 11:19:52,696	INFO	1	com.l2jmobius.gameserver.instancemanager.SoIManager	Seed of Infinity Manager: Loaded. Current stage is: 1
2019.04.21 11:19:52,697	INFO	1	com.l2jmobius.gameserver.GameServer	Loading server scripts...
2019.04.21 11:19:53,989	INFO	1	handlers.MasterHandler	Loading Handlers...
2019.04.21 11:19:54,191	INFO	1	handlers.MasterHandler	ActionHandler: Loaded 10 Handlers
2019.04.21 11:19:54,191	INFO	1	handlers.MasterHandler	ActionShiftHandler: Loaded 6 Handlers
2019.04.21 11:19:54,191	INFO	1	handlers.MasterHandler	AdminCommandHandler: Loaded 466 Handlers
2019.04.21 11:19:54,191	INFO	1	handlers.MasterHandler	BypassHandler: Loaded 49 Handlers
2019.04.21 11:19:54,191	INFO	1	handlers.MasterHandler	ChatHandler: Loaded 14 Handlers
2019.04.21 11:19:54,191	INFO	1	handlers.MasterHandler	CommunityBoardHandler: Loaded 24 Handlers
2019.04.21 11:19:54,191	INFO	1	handlers.MasterHandler	ItemHandler: Loaded 30 Handlers
2019.04.21 11:19:54,191	INFO	1	handlers.MasterHandler	PunishmentHandler: Loaded 3 Handlers
2019.04.21 11:19:54,191	INFO	1	handlers.MasterHandler	UserCommandHandler: Loaded 17 Handlers
2019.04.21 11:19:54,191	INFO	1	handlers.MasterHandler	VoicedCommandHandler: Loaded 7 Handlers
2019.04.21 11:19:54,191	INFO	1	handlers.MasterHandler	TargetHandler: Loaded 34 Handlers
2019.04.21 11:19:54,191	INFO	1	handlers.MasterHandler	Handlers Loaded...
2019.04.21 11:20:59,854	INFO	1	com.l2jmobius.gameserver.model.events.AbstractScript	Handy's Block Checker Event is enabled
2019.04.21 11:20:59,860	INFO	1	com.l2jmobius.gameserver.model.events.AbstractScript	Fantasy Isle: Parade starting at 2019/04/21 13:20 and is scheduled each next 1 hours.
2019.04.21 11:20:59,866	INFO	1	com.l2jmobius.gameserver.model.events.AbstractScript	Fantasy Isle: MC show script starting at 21/04/2019 11:45:59 and is scheduled each next 4 hours.
2019.04.21 11:21:00,023	INFO	1	ai.areas.Gracia.GraciaLoader	GraciaLoader: Loading Gracia related scripts.
2019.04.21 11:21:00,387	INFO	1	ai.areas.Hellbound.HellboundLoader	HellboundLoader: Loading Hellbound related scripts:
2019.04.21 11:21:00,396	INFO	1	com.l2jmobius.commons.util.IXmlReader	HellboundPointData: Loaded 47 trust point reward data.
2019.04.21 11:21:00,485	INFO	1	com.l2jmobius.commons.util.IXmlReader	HellboundSpawns: Loaded 598 Hellbound spawns.
2019.04.21 11:21:00,496	INFO	1	com.l2jmobius.gameserver.model.events.AbstractScript	HellboundEngine: Level: 11
2019.04.21 11:21:00,496	INFO	1	com.l2jmobius.gameserver.model.events.AbstractScript	HellboundEngine: Trust: 4000000
2019.04.21 11:21:00,497	INFO	1	com.l2jmobius.gameserver.model.events.AbstractScript	HellboundEngine: Status: unlocked.
2019.04.21 11:21:01,037	INFO	1	com.l2jmobius.gameserver.instancemanager.RaidBossSpawnManager	RaidBossSpawnManager: Loaded 187 Instances
2019.04.21 11:21:01,037	INFO	1	com.l2jmobius.gameserver.instancemanager.RaidBossSpawnManager	RaidBossSpawnManager: Scheduled 0 Instances
2019.04.21 11:21:01,676	INFO	26	com.l2jmobius.gameserver.model.events.AbstractScript	HellboundEngine: Spawned 598 NPCs.
2019.04.21 11:21:01,688	INFO	1	com.l2jmobius.commons.util.IXmlReader	NpcBuffersData: Loaded: 33 buffers data.
2019.04.21 11:21:01,788	CONFIG	1	com.l2jmobius.gameserver.model.events.AbstractScript	Devastated Castle siege scheduled for Fri May 03 12:00:00 BRT 2019.
2019.04.21 11:21:01,792	CONFIG	1	com.l2jmobius.gameserver.model.events.AbstractScript	Bandit StrongHold siege scheduled for Fri May 03 12:00:00 BRT 2019.
2019.04.21 11:21:01,796	CONFIG	1	com.l2jmobius.gameserver.model.events.AbstractScript	Beast Farm siege scheduled for Fri May 03 12:00:00 BRT 2019.
2019.04.21 11:21:01,799	CONFIG	1	com.l2jmobius.gameserver.model.events.AbstractScript	Fortress of Resistance siege scheduled for Fri May 03 12:00:00 BRT 2019.
2019.04.21 11:21:01,803	CONFIG	1	com.l2jmobius.gameserver.model.events.AbstractScript	Fortresss of the Dead siege scheduled for Fri May 03 12:00:00 BRT 2019.
2019.04.21 11:21:01,806	CONFIG	1	com.l2jmobius.gameserver.model.events.AbstractScript	Rainbow Springs siege scheduled for Fri May 03 12:00:00 BRT 2019.
2019.04.21 11:21:01,893	INFO	1	com.l2jmobius.gameserver.model.events.AbstractScript	Event Freya Celebration has passed... Ignored 
2019.04.21 11:21:01,901	INFO	1	com.l2jmobius.gameserver.model.events.AbstractScript	Event Gift of Vitality has passed... Ignored 
2019.04.21 11:21:01,944	INFO	1	com.l2jmobius.gameserver.model.events.AbstractScript	Event Heavy Medal has passed... Ignored 
2019.04.21 11:21:01,949	INFO	1	com.l2jmobius.gameserver.model.events.AbstractScript	Event L2 Day has passed... Ignored 
2019.04.21 11:21:01,954	INFO	1	com.l2jmobius.gameserver.model.events.AbstractScript	Event Love Your Gatekeeper has passed... Ignored 
2019.04.21 11:21:01,961	INFO	1	com.l2jmobius.gameserver.model.events.AbstractScript	Event Master of Enchanting has passed... Ignored 
2019.04.21 11:21:01,968	INFO	1	com.l2jmobius.gameserver.model.events.AbstractScript	Event Valentine Event has passed... Ignored 
2019.04.21 11:21:02,277	INFO	1	instances.FinalEmperialTomb.FinalEmperialTomb	[Final Emperial Tomb] Loaded 26 spawn zones data.
2019.04.21 11:21:02,277	INFO	1	instances.FinalEmperialTomb.FinalEmperialTomb	[Final Emperial Tomb] Loaded 94 spawns data.
2019.04.21 11:21:03,332	INFO	1	com.l2jmobius.gameserver.model.events.AbstractScript	[EnhanceYourWeapon] Loaded 54 Soul Crystal data.
2019.04.21 11:21:03,334	INFO	1	com.l2jmobius.gameserver.model.events.AbstractScript	[EnhanceYourWeapon] Loaded 240 npc Leveling info data.
2019.04.21 11:21:03,472	INFO	1	com.l2jmobius.gameserver.model.events.AbstractScript	TerritoryWarSuperClass: Siege date: Sun Apr 28 22:00:00 BRT 2019
2019.04.21 11:21:03,557	INFO	1	com.l2jmobius.gameserver.datatables.SpawnTable	SpawnTable: Initializing spawns...
2019.04.21 11:21:10,784	INFO	1	com.l2jmobius.gameserver.datatables.SpawnTable	SpawnTable: 41068 spawns have been initialized!
2019.04.21 11:21:10,839	INFO	1	com.l2jmobius.gameserver.instancemanager.DayNightSpawnManager	DayNightSpawnManager: Removed 0 night creatures
2019.04.21 11:21:10,861	INFO	1	com.l2jmobius.gameserver.instancemanager.DayNightSpawnManager	DayNightSpawnManager: Spawned 232 day creatures
2019.04.21 11:21:10,871	INFO	1	com.l2jmobius.gameserver.instancemanager.FourSepulchersManager	FourSepulchersManager: loaded 20 Mysterious-Box spawns.
2019.04.21 11:21:10,914	INFO	1	com.l2jmobius.gameserver.instancemanager.FourSepulchersManager	FourSepulchersManager: loaded 716 Physical type monsters spawns.
2019.04.21 11:21:10,955	INFO	1	com.l2jmobius.gameserver.instancemanager.FourSepulchersManager	FourSepulchersManager: loaded 716 Magical type monsters spawns.
2019.04.21 11:21:10,965	INFO	1	com.l2jmobius.gameserver.instancemanager.FourSepulchersManager	FourSepulchersManager: loaded 92 Church of duke monsters spawns.
2019.04.21 11:21:10,972	INFO	1	com.l2jmobius.gameserver.instancemanager.FourSepulchersManager	FourSepulchersManager: loaded 68 Emperor's grave NPC spawns.
2019.04.21 11:21:10,972	INFO	1	com.l2jmobius.gameserver.instancemanager.FourSepulchersManager	FourSepulchersManager: spawned Conquerors' Sepulcher Manager
2019.04.21 11:21:10,972	INFO	1	com.l2jmobius.gameserver.instancemanager.FourSepulchersManager	FourSepulchersManager: spawned Emperors' Sepulcher Manager
2019.04.21 11:21:10,973	INFO	1	com.l2jmobius.gameserver.instancemanager.FourSepulchersManager	FourSepulchersManager: spawned Great Sages' Sepulcher Manager
2019.04.21 11:21:10,973	INFO	1	com.l2jmobius.gameserver.instancemanager.FourSepulchersManager	FourSepulchersManager: spawned Judges' Sepulcher Manager
2019.04.21 11:21:10,974	INFO	1	com.l2jmobius.gameserver.instancemanager.FourSepulchersManager	FourSepulchersManager: Beginning in Attack time
2019.04.21 11:21:10,980	INFO	1	com.l2jmobius.gameserver.instancemanager.DimensionalRiftManager	DimensionalRiftManager: Loaded 7 room types with 56 rooms.
2019.04.21 11:21:10,987	INFO	1	com.l2jmobius.gameserver.instancemanager.DimensionalRiftManager	DimensionalRiftManager: Loaded 462 dimensional rift spawns, 0 errors.
2019.04.21 11:21:10,989	INFO	1	com.l2jmobius.gameserver.model.votereward.VoteSystem	VoteSystem: Disabled.
2019.04.21 11:21:10,989	INFO	1	com.l2jmobius.gameserver.GameServer	---------------------------------------------------=[ Siege ]
2019.04.21 11:21:11,005	INFO	1	com.l2jmobius.gameserver.model.entity.Siege	Siege of Gludio: Sun Apr 28 16:00:00 BRT 2019
2019.04.21 11:21:11,007	INFO	1	com.l2jmobius.gameserver.model.entity.Siege	Siege of Dion: Sun Apr 28 16:00:00 BRT 2019
2019.04.21 11:21:11,008	INFO	1	com.l2jmobius.gameserver.model.entity.Siege	Siege of Giran: Sun Apr 28 16:00:00 BRT 2019
2019.04.21 11:21:11,008	INFO	1	com.l2jmobius.gameserver.model.entity.Siege	Siege of Oren: Sun Apr 28 16:00:00 BRT 2019
2019.04.21 11:21:11,009	INFO	1	com.l2jmobius.gameserver.model.entity.Siege	Siege of Aden: Sun Apr 28 16:00:00 BRT 2019
2019.04.21 11:21:11,010	INFO	1	com.l2jmobius.gameserver.model.entity.Siege	Siege of Innadril: Sun Apr 28 20:00:00 BRT 2019
2019.04.21 11:21:11,010	INFO	1	com.l2jmobius.gameserver.model.entity.Siege	Siege of Goddard: Sun Apr 28 20:00:00 BRT 2019
2019.04.21 11:21:11,011	INFO	1	com.l2jmobius.gameserver.model.entity.Siege	Siege of Rune: Sun Apr 28 20:00:00 BRT 2019
2019.04.21 11:21:11,012	INFO	1	com.l2jmobius.gameserver.model.entity.Siege	Siege of Schuttgart: Sun Apr 28 20:00:00 BRT 2019
2019.04.21 11:21:11,129	INFO	1	com.l2jmobius.gameserver.instancemanager.FortManager	FortManager: Loaded: 21 fortress
2019.04.21 11:21:11,295	INFO	1	com.l2jmobius.commons.util.IXmlReader	SiegeScheduleData: Loaded: 2 siege schedulers.
2019.04.21 11:21:11,315	INFO	1	com.l2jmobius.commons.util.IXmlReader	CastleManorManager: Loaded 258 seeds.
2019.04.21 11:21:11,322	INFO	1	com.l2jmobius.commons.util.IXmlReader	CastleManorManager: Manor data loaded.
2019.04.21 11:21:11,327	INFO	1	com.l2jmobius.gameserver.instancemanager.MercTicketManager	MercTicketManager: Loaded: 0 Mercenary Tickets
2019.04.21 11:21:11,327	INFO	1	com.l2jmobius.gameserver.instancemanager.QuestManager	QuestManager: Loaded: 525 quests.
2019.04.21 11:21:11,328	INFO	1	com.l2jmobius.gameserver.instancemanager.QuestManager	QuestManager: Loaded: 289 scripts.
2019.04.21 11:21:11,401	INFO	1	com.l2jmobius.gameserver.SevenSignsFestival	SevenSignsFestival: The first Festival of Darkness cycle begins in 2 minute(s).
2019.04.21 11:21:11,401	INFO	1	com.l2jmobius.gameserver.GameServer	AutoSpawnHandler: Loaded 129 handlers in total.
2019.04.21 11:21:11,427	SEVERE	1	com.l2jmobius.gameserver.taskmanager.TaskManager	TaskManager: Error while loading Global Task table: No such column: tasks
2019.04.21 11:21:11,437	INFO	1	com.l2jmobius.gameserver.taskmanager.TaskManager	TaskManager: Loaded: 12 Tasks.
2019.04.21 11:21:11,442	INFO	1	com.l2jmobius.gameserver.instancemanager.MailManager	MailManager: Successfully loaded 0 messages.
2019.04.21 11:21:11,448	INFO	1	com.l2jmobius.gameserver.instancemanager.PunishmentManager	PunishmentManager: Loaded 0 active and 0 expired punishments.
2019.04.21 11:21:11,449	INFO	1	com.l2jmobius.gameserver.GameServer	IdFactory: Free ObjectID's remaining: 1879000440
2019.04.21 11:21:11,451	INFO	1	com.l2jmobius.gameserver.model.entity.TvTManager	TvTEventEngine[TvTManager.TvTManager()]: Engine is disabled.
2019.04.21 11:21:11,457	INFO	1	com.l2jmobius.gameserver.data.sql.impl.OfflineTradersTable	OfflineTradersTable: Loading offline traders...
2019.04.21 11:21:11,458	INFO	1	com.l2jmobius.gameserver.data.sql.impl.OfflineTradersTable	OfflineTradersTable: Loaded: 0 offline trader(s)
2019.04.21 11:21:12,546	INFO	1	com.l2jmobius.gameserver.GameServer	GameServer: Started, using 670 of 3040 MB total memory.
2019.04.21 11:21:12,570	INFO	1	com.l2jmobius.gameserver.GameServer	GameServer: Geodata use 108 MB of memory.
2019.04.21 11:21:12,570	INFO	1	com.l2jmobius.gameserver.GameServer	GameServer: Maximum number of connected players is 2000.
2019.04.21 11:21:12,571	INFO	1	com.l2jmobius.gameserver.GameServer	GameServer: Server loaded in 144 seconds.
2019.04.21 11:21:13,322	INFO	1	com.l2jmobius.gameserver.network.ClientNetworkManager	ClientNetworkManager: Listening on 0.0.0.0:7777
2019.04.21 11:21:13,436	INFO	46	com.l2jmobius.gameserver.LoginServerThread	LoginServerThread: Connecting to login on 127.0.0.1:9014
2019.04.21 11:21:13,589	INFO	46	com.l2jmobius.gameserver.LoginServerThread	LoginServerThread: Registered on login as Server 1: Bartz
